<?xml version="1.0" encoding="UTF-8"?>
<coverage generated="1676453951410" clover="3.2.0">
  <project timestamp="1676453951410" name="All files">
    <metrics statements="149" coveredstatements="123" conditionals="57" coveredconditionals="49" methods="68" coveredmethods="54" elements="274" coveredelements="226" complexity="0" loc="149" ncloc="149" packages="7" files="23" classes="23"/>
    <package name="components.Product">
      <metrics statements="15" coveredstatements="11" conditionals="4" coveredconditionals="4" methods="11" coveredmethods="7"/>
      <file name="component.jsx" path="D:\Projects\Cognixia\my_collabera_react_training\src\components\Product\component.jsx">
        <metrics statements="8" coveredstatements="8" conditionals="4" coveredconditionals="4" methods="4" coveredmethods="4"/>
        <line num="40" count="15" type="stmt"/>
        <line num="73" count="2" type="cond" truecount="2" falsecount="0"/>
        <line num="74" count="1" type="stmt"/>
        <line num="76" count="1" type="stmt"/>
        <line num="93" count="1" type="stmt"/>
        <line num="108" count="1" type="stmt"/>
        <line num="123" count="2" type="stmt"/>
        <line num="141" count="2" type="stmt"/>
      </file>
      <file name="index.jsx" path="D:\Projects\Cognixia\my_collabera_react_training\src\components\Product\index.jsx">
        <metrics statements="7" coveredstatements="3" conditionals="0" coveredconditionals="0" methods="7" coveredmethods="3"/>
        <line num="9" count="2" type="stmt"/>
        <line num="10" count="2" type="stmt"/>
        <line num="11" count="0" type="stmt"/>
        <line num="14" count="2" type="stmt"/>
        <line num="22" count="0" type="stmt"/>
        <line num="32" count="0" type="stmt"/>
        <line num="42" count="0" type="stmt"/>
      </file>
    </package>
    <package name="components.Reviews">
      <metrics statements="2" coveredstatements="2" conditionals="0" coveredconditionals="0" methods="2" coveredmethods="2"/>
      <file name="index.jsx" path="D:\Projects\Cognixia\my_collabera_react_training\src\components\Reviews\index.jsx">
        <metrics statements="2" coveredstatements="2" conditionals="0" coveredconditionals="0" methods="2" coveredmethods="2"/>
        <line num="7" count="15" type="stmt"/>
        <line num="13" count="75" type="stmt"/>
      </file>
    </package>
    <package name="middlewares">
      <metrics statements="14" coveredstatements="13" conditionals="4" coveredconditionals="4" methods="8" coveredmethods="7"/>
      <file name="errorMiddleware.js" path="D:\Projects\Cognixia\my_collabera_react_training\src\middlewares\errorMiddleware.js">
        <metrics statements="12" coveredstatements="11" conditionals="4" coveredconditionals="4" methods="5" coveredmethods="4"/>
        <line num="3" count="5" type="stmt"/>
        <line num="14" count="40" type="stmt"/>
        <line num="16" count="40" type="stmt"/>
        <line num="19" count="40" type="stmt"/>
        <line num="22" count="40" type="cond" truecount="2" falsecount="0"/>
        <line num="23" count="16" type="stmt"/>
        <line num="50" count="16" type="stmt"/>
        <line num="54" count="0" type="stmt"/>
        <line num="59" count="16" type="cond" truecount="2" falsecount="0"/>
        <line num="62" count="16" type="stmt"/>
        <line num="63" count="16" type="stmt"/>
        <line num="68" count="24" type="stmt"/>
      </file>
      <file name="loggerMiddleware.js" path="D:\Projects\Cognixia\my_collabera_react_training\src\middlewares\loggerMiddleware.js">
        <metrics statements="2" coveredstatements="2" conditionals="0" coveredconditionals="0" methods="3" coveredmethods="3"/>
        <line num="1" count="5" type="stmt"/>
        <line num="4" count="40" type="stmt"/>
      </file>
    </package>
    <package name="pages.Dashboard">
      <metrics statements="17" coveredstatements="17" conditionals="8" coveredconditionals="7" methods="10" coveredmethods="10"/>
      <file name="index.jsx" path="D:\Projects\Cognixia\my_collabera_react_training\src\pages\Dashboard\index.jsx">
        <metrics statements="6" coveredstatements="6" conditionals="4" coveredconditionals="3" methods="6" coveredmethods="6"/>
        <line num="6" count="18" type="stmt"/>
        <line num="9" count="9" type="cond" truecount="2" falsecount="0"/>
        <line num="12" count="4" type="cond" truecount="1" falsecount="1"/>
        <line num="16" count="5" type="stmt"/>
        <line num="18" count="5" type="stmt"/>
        <line num="27" count="5" type="stmt"/>
      </file>
      <file name="page.jsx" path="D:\Projects\Cognixia\my_collabera_react_training\src\pages\Dashboard\page.jsx">
        <metrics statements="11" coveredstatements="11" conditionals="4" coveredconditionals="4" methods="4" coveredmethods="4"/>
        <line num="6" count="13" type="stmt"/>
        <line num="7" count="5" type="stmt"/>
        <line num="10" count="13" type="stmt"/>
        <line num="11" count="5" type="stmt"/>
        <line num="14" count="13" type="cond" truecount="2" falsecount="0"/>
        <line num="15" count="5" type="stmt"/>
        <line num="18" count="8" type="cond" truecount="2" falsecount="0"/>
        <line num="19" count="1" type="stmt"/>
        <line num="22" count="7" type="stmt"/>
        <line num="25" count="2" type="stmt"/>
        <line num="31" count="1" type="stmt"/>
      </file>
    </package>
    <package name="reducers">
      <metrics statements="40" coveredstatements="34" conditionals="31" coveredconditionals="27" methods="9" coveredmethods="8"/>
      <file name="cartReducer.js" path="D:\Projects\Cognixia\my_collabera_react_training\src\reducers\cartReducer.js">
        <metrics statements="9" coveredstatements="9" conditionals="6" coveredconditionals="6" methods="3" coveredmethods="3"/>
        <line num="1" count="2" type="stmt"/>
        <line num="9" count="52" type="cond" truecount="5" falsecount="0"/>
        <line num="11" count="8" type="stmt"/>
        <line num="14" count="1" type="stmt"/>
        <line num="17" count="2" type="stmt"/>
        <line num="18" count="1" type="stmt"/>
        <line num="22" count="2" type="stmt"/>
        <line num="23" count="1" type="stmt"/>
        <line num="27" count="41" type="stmt"/>
      </file>
      <file name="errorReducer.js" path="D:\Projects\Cognixia\my_collabera_react_training\src\reducers\errorReducer.js">
        <metrics statements="8" coveredstatements="7" conditionals="7" coveredconditionals="5" methods="2" coveredmethods="1"/>
        <line num="1" count="1" type="stmt"/>
        <line num="4" count="47" type="stmt"/>
        <line num="7" count="47" type="cond" truecount="2" falsecount="0"/>
        <line num="9" count="26" type="stmt"/>
        <line num="10" count="26" type="cond" truecount="2" falsecount="0"/>
        <line num="12" count="16" type="stmt"/>
        <line num="24" count="10" type="stmt"/>
        <line num="25" count="0" type="cond" truecount="0" falsecount="2"/>
      </file>
      <file name="index.js" path="D:\Projects\Cognixia\my_collabera_react_training\src\reducers\index.js">
        <metrics statements="0" coveredstatements="0" conditionals="0" coveredconditionals="0" methods="0" coveredmethods="0"/>
      </file>
      <file name="loadingReducer.js" path="D:\Projects\Cognixia\my_collabera_react_training\src\reducers\loadingReducer.js">
        <metrics statements="8" coveredstatements="8" conditionals="7" coveredconditionals="7" methods="2" coveredmethods="2"/>
        <line num="1" count="2" type="stmt"/>
        <line num="4" count="50" type="stmt"/>
        <line num="11" count="50" type="cond" truecount="2" falsecount="0"/>
        <line num="13" count="42" type="stmt"/>
        <line num="17" count="42" type="cond" truecount="2" falsecount="0"/>
        <line num="19" count="11" type="stmt"/>
        <line num="29" count="31" type="stmt"/>
        <line num="30" count="16" type="cond" truecount="2" falsecount="0"/>
      </file>
      <file name="productsReducer.js" path="D:\Projects\Cognixia\my_collabera_react_training\src\reducers\productsReducer.js">
        <metrics statements="4" coveredstatements="4" conditionals="3" coveredconditionals="3" methods="1" coveredmethods="1"/>
        <line num="1" count="1" type="stmt"/>
        <line num="4" count="47" type="cond" truecount="2" falsecount="0"/>
        <line num="6" count="7" type="stmt"/>
        <line num="9" count="40" type="stmt"/>
      </file>
      <file name="userReducer.js" path="D:\Projects\Cognixia\my_collabera_react_training\src\reducers\userReducer.js">
        <metrics statements="11" coveredstatements="6" conditionals="8" coveredconditionals="6" methods="1" coveredmethods="1"/>
        <line num="1" count="2" type="stmt"/>
        <line num="7" count="52" type="cond" truecount="5" falsecount="0"/>
        <line num="10" count="1" type="stmt"/>
        <line num="11" count="0" type="stmt"/>
        <line num="15" count="2" type="stmt"/>
        <line num="16" count="0" type="cond" truecount="0" falsecount="2"/>
        <line num="17" count="0" type="stmt"/>
        <line num="19" count="0" type="stmt"/>
        <line num="23" count="1" type="stmt"/>
        <line num="24" count="0" type="stmt"/>
        <line num="27" count="48" type="stmt"/>
      </file>
    </package>
    <package name="sagas">
      <metrics statements="15" coveredstatements="11" conditionals="0" coveredconditionals="0" methods="12" coveredmethods="11"/>
      <file name="authSaga.js" path="D:\Projects\Cognixia\my_collabera_react_training\src\sagas\authSaga.js">
        <metrics statements="7" coveredstatements="3" conditionals="0" coveredconditionals="0" methods="4" coveredmethods="3"/>
        <line num="30" count="0" type="stmt"/>
        <line num="31" count="0" type="stmt"/>
        <line num="37" count="0" type="stmt"/>
        <line num="43" count="0" type="stmt"/>
        <line num="52" count="5" type="stmt"/>
        <line num="56" count="5" type="stmt"/>
        <line num="60" count="5" type="stmt"/>
      </file>
      <file name="cartSaga.js" path="D:\Projects\Cognixia\my_collabera_react_training\src\sagas\cartSaga.js">
        <metrics statements="5" coveredstatements="5" conditionals="0" coveredconditionals="0" methods="5" coveredmethods="5"/>
        <line num="53" count="5" type="stmt"/>
        <line num="57" count="5" type="stmt"/>
        <line num="61" count="5" type="stmt"/>
        <line num="65" count="5" type="stmt"/>
        <line num="69" count="5" type="stmt"/>
      </file>
      <file name="productsSaga.js" path="D:\Projects\Cognixia\my_collabera_react_training\src\sagas\productsSaga.js">
        <metrics statements="2" coveredstatements="2" conditionals="0" coveredconditionals="0" methods="2" coveredmethods="2"/>
        <line num="17" count="5" type="stmt"/>
        <line num="21" count="5" type="stmt"/>
      </file>
      <file name="rootSaga.js" path="D:\Projects\Cognixia\my_collabera_react_training\src\sagas\rootSaga.js">
        <metrics statements="1" coveredstatements="1" conditionals="0" coveredconditionals="0" methods="1" coveredmethods="1"/>
        <line num="13" count="5" type="stmt"/>
      </file>
    </package>
    <package name="utils">
      <metrics statements="46" coveredstatements="35" conditionals="10" coveredconditionals="7" methods="16" coveredmethods="9"/>
      <file name="apiGenerator.js" path="D:\Projects\Cognixia\my_collabera_react_training\src\utils\apiGenerator.js">
        <metrics statements="9" coveredstatements="9" conditionals="4" coveredconditionals="3" methods="2" coveredmethods="2"/>
        <line num="5" count="30" type="stmt"/>
        <line num="6" count="30" type="stmt"/>
        <line num="9" count="30" type="stmt"/>
        <line num="10" count="30" type="stmt"/>
        <line num="11" count="14" type="stmt"/>
        <line num="17" count="16" type="stmt"/>
        <line num="24" count="32" type="cond" truecount="2" falsecount="0"/>
        <line num="25" count="16" type="stmt"/>
        <line num="27" count="16" type="stmt"/>
      </file>
      <file name="axiosInstance.js" path="D:\Projects\Cognixia\my_collabera_react_training\src\utils\axiosInstance.js">
        <metrics statements="14" coveredstatements="10" conditionals="4" coveredconditionals="2" methods="4" coveredmethods="3"/>
        <line num="3" count="1" type="stmt"/>
        <line num="9" count="1" type="stmt"/>
        <line num="11" count="46" type="stmt"/>
        <line num="12" count="46" type="stmt"/>
        <line num="13" count="46" type="cond" truecount="1" falsecount="1"/>
        <line num="14" count="0" type="stmt"/>
        <line num="15" count="0" type="stmt"/>
        <line num="17" count="46" type="stmt"/>
        <line num="19" count="0" type="stmt"/>
        <line num="22" count="1" type="stmt"/>
        <line num="23" count="14" type="stmt"/>
        <line num="25" count="32" type="cond" truecount="1" falsecount="1"/>
        <line num="26" count="0" type="stmt"/>
        <line num="28" count="32" type="stmt"/>
      </file>
      <file name="configureStore.js" path="D:\Projects\Cognixia\my_collabera_react_training\src\utils\configureStore.js">
        <metrics statements="7" coveredstatements="7" conditionals="2" coveredconditionals="2" methods="1" coveredmethods="1"/>
        <line num="19" count="1" type="cond" truecount="2" falsecount="0"/>
        <line num="22" count="1" type="stmt"/>
        <line num="29" count="1" type="stmt"/>
        <line num="30" count="5" type="stmt"/>
        <line num="31" count="5" type="stmt"/>
        <line num="36" count="5" type="stmt"/>
        <line num="38" count="5" type="stmt"/>
      </file>
      <file name="index.js" path="D:\Projects\Cognixia\my_collabera_react_training\src\utils\index.js">
        <metrics statements="3" coveredstatements="3" conditionals="0" coveredconditionals="0" methods="1" coveredmethods="1"/>
        <line num="1" count="2" type="stmt"/>
        <line num="2" count="16" type="stmt"/>
        <line num="7" count="2" type="stmt"/>
      </file>
      <file name="localStorageMock.js" path="D:\Projects\Cognixia\my_collabera_react_training\src\utils\localStorageMock.js">
        <metrics statements="9" coveredstatements="2" conditionals="0" coveredconditionals="0" methods="6" coveredmethods="0"/>
        <line num="1" count="1" type="stmt"/>
        <line num="2" count="0" type="stmt"/>
        <line num="4" count="0" type="stmt"/>
        <line num="6" count="0" type="stmt"/>
        <line num="10" count="0" type="stmt"/>
        <line num="14" count="0" type="stmt"/>
        <line num="18" count="0" type="stmt"/>
        <line num="22" count="0" type="stmt"/>
        <line num="27" count="1" type="stmt"/>
      </file>
      <file name="test-utils.jsx" path="D:\Projects\Cognixia\my_collabera_react_training\src\utils\test-utils.jsx">
        <metrics statements="4" coveredstatements="4" conditionals="0" coveredconditionals="0" methods="2" coveredmethods="2"/>
        <line num="10" count="5" type="stmt"/>
        <line num="13" count="5" type="stmt"/>
        <line num="16" count="5" type="stmt"/>
        <line num="21" count="5" type="stmt"/>
      </file>
    </package>
  </project>
</coverage>
