{"D:\\Projects\\Cognixia\\my_collabera_react_training\\src\\components\\Product\\component.jsx": {"path":"D:\\Projects\\Cognixia\\my_collabera_react_training\\src\\components\\Product\\component.jsx","statementMap":{"0":{"start":{"line":40,"column":2},"end":{"line":120,"column":4}},"1":{"start":{"line":73,"column":18},"end":{"line":80,"column":19}},"2":{"start":{"line":74,"column":20},"end":{"line":74,"column":45}},"3":{"start":{"line":76,"column":20},"end":{"line":79,"column":23}},"4":{"start":{"line":93,"column":18},"end":{"line":96,"column":20}},"5":{"start":{"line":108,"column":16},"end":{"line":111,"column":18}},"6":{"start":{"line":123,"column":0},"end":{"line":139,"column":2}},"7":{"start":{"line":141,"column":0},"end":{"line":143,"column":2}}},"fnMap":{"0":{"name":"Product","decl":{"start":{"line":9,"column":9},"end":{"line":9,"column":16}},"loc":{"start":{"line":16,"column":3},"end":{"line":121,"column":1}},"line":16},"1":{"name":"(anonymous_1)","decl":{"start":{"line":72,"column":25},"end":{"line":72,"column":26}},"loc":{"start":{"line":72,"column":31},"end":{"line":81,"column":17}},"line":72},"2":{"name":"(anonymous_2)","decl":{"start":{"line":92,"column":25},"end":{"line":92,"column":26}},"loc":{"start":{"line":93,"column":18},"end":{"line":96,"column":20}},"line":93},"3":{"name":"(anonymous_3)","decl":{"start":{"line":107,"column":23},"end":{"line":107,"column":24}},"loc":{"start":{"line":108,"column":16},"end":{"line":111,"column":18}},"line":108}},"branchMap":{"0":{"loc":{"start":{"line":66,"column":11},"end":{"line":116,"column":11}},"type":"cond-expr","locations":[{"start":{"line":67,"column":12},"end":{"line":101,"column":18}},{"start":{"line":103,"column":12},"end":{"line":115,"column":21}}],"line":66},"1":{"loc":{"start":{"line":73,"column":18},"end":{"line":80,"column":19}},"type":"if","locations":[{"start":{"line":73,"column":18},"end":{"line":80,"column":19}},{"start":{"line":75,"column":25},"end":{"line":80,"column":19}}],"line":73}},"s":{"0":15,"1":2,"2":1,"3":1,"4":1,"5":1,"6":2,"7":2},"f":{"0":15,"1":2,"2":1,"3":1},"b":{"0":[7,8],"1":[1,1]},"_coverageSchema":"1a1c01bbd47fc00a2c39e90264f33305004495a9","hash":"2bfe48761a515633708087492fd6fb08689bfa26"}
,"D:\\Projects\\Cognixia\\my_collabera_react_training\\src\\components\\Product\\index.jsx": {"path":"D:\\Projects\\Cognixia\\my_collabera_react_training\\src\\components\\Product\\index.jsx","statementMap":{"0":{"start":{"line":9,"column":24},"end":{"line":12,"column":2}},"1":{"start":{"line":9,"column":61},"end":{"line":12,"column":1}},"2":{"start":{"line":10,"column":29},"end":{"line":10,"column":55}},"3":{"start":{"line":11,"column":33},"end":{"line":11,"column":59}},"4":{"start":{"line":14,"column":27},"end":{"line":51,"column":2}},"5":{"start":{"line":14,"column":42},"end":{"line":51,"column":1}},"6":{"start":{"line":22,"column":4},"end":{"line":30,"column":6}},"7":{"start":{"line":32,"column":4},"end":{"line":40,"column":6}},"8":{"start":{"line":42,"column":4},"end":{"line":50,"column":6}}},"fnMap":{"0":{"name":"(anonymous_0)","decl":{"start":{"line":9,"column":24},"end":{"line":9,"column":25}},"loc":{"start":{"line":9,"column":61},"end":{"line":12,"column":1}},"line":9},"1":{"name":"(anonymous_1)","decl":{"start":{"line":10,"column":22},"end":{"line":10,"column":23}},"loc":{"start":{"line":10,"column":29},"end":{"line":10,"column":55}},"line":10},"2":{"name":"(anonymous_2)","decl":{"start":{"line":11,"column":26},"end":{"line":11,"column":27}},"loc":{"start":{"line":11,"column":33},"end":{"line":11,"column":59}},"line":11},"3":{"name":"(anonymous_3)","decl":{"start":{"line":14,"column":27},"end":{"line":14,"column":28}},"loc":{"start":{"line":14,"column":42},"end":{"line":51,"column":1}},"line":14},"4":{"name":"(anonymous_4)","decl":{"start":{"line":21,"column":13},"end":{"line":21,"column":14}},"loc":{"start":{"line":22,"column":4},"end":{"line":30,"column":6}},"line":22},"5":{"name":"(anonymous_5)","decl":{"start":{"line":31,"column":18},"end":{"line":31,"column":19}},"loc":{"start":{"line":32,"column":4},"end":{"line":40,"column":6}},"line":32},"6":{"name":"(anonymous_6)","decl":{"start":{"line":41,"column":18},"end":{"line":41,"column":19}},"loc":{"start":{"line":42,"column":4},"end":{"line":50,"column":6}},"line":42}},"branchMap":{},"s":{"0":1,"1":2,"2":2,"3":0,"4":1,"5":2,"6":0,"7":0,"8":0},"f":{"0":2,"1":2,"2":0,"3":2,"4":0,"5":0,"6":0},"b":{},"_coverageSchema":"1a1c01bbd47fc00a2c39e90264f33305004495a9","hash":"275140bc73b5dea5429c363bc19786060315c636"}
,"D:\\Projects\\Cognixia\\my_collabera_react_training\\src\\components\\Reviews\\index.jsx": {"path":"D:\\Projects\\Cognixia\\my_collabera_react_training\\src\\components\\Reviews\\index.jsx","statementMap":{"0":{"start":{"line":7,"column":2},"end":{"line":31,"column":4}},"1":{"start":{"line":13,"column":12},"end":{"line":19,"column":14}}},"fnMap":{"0":{"name":"Reviews","decl":{"start":{"line":5,"column":9},"end":{"line":5,"column":16}},"loc":{"start":{"line":5,"column":34},"end":{"line":32,"column":1}},"line":5},"1":{"name":"(anonymous_1)","decl":{"start":{"line":12,"column":31},"end":{"line":12,"column":32}},"loc":{"start":{"line":13,"column":12},"end":{"line":19,"column":14}},"line":13}},"branchMap":{},"s":{"0":15,"1":75},"f":{"0":15,"1":75},"b":{},"_coverageSchema":"1a1c01bbd47fc00a2c39e90264f33305004495a9","hash":"584fc131b893d7b1b6683de7bea0375b8b34148f"}
,"D:\\Projects\\Cognixia\\my_collabera_react_training\\src\\middlewares\\errorMiddleware.js": {"path":"D:\\Projects\\Cognixia\\my_collabera_react_training\\src\\middlewares\\errorMiddleware.js","statementMap":{"0":{"start":{"line":3,"column":14},"end":{"line":70,"column":1}},"1":{"start":{"line":3,"column":25},"end":{"line":70,"column":1}},"2":{"start":{"line":3,"column":35},"end":{"line":70,"column":1}},"3":{"start":{"line":14,"column":6},"end":{"line":14,"column":22}},"4":{"start":{"line":16,"column":34},"end":{"line":16,"column":40}},"5":{"start":{"line":19,"column":16},"end":{"line":19,"column":47}},"6":{"start":{"line":22,"column":2},"end":{"line":69,"column":3}},"7":{"start":{"line":23,"column":17},"end":{"line":29,"column":5}},"8":{"start":{"line":50,"column":4},"end":{"line":65,"column":6}},"9":{"start":{"line":54,"column":8},"end":{"line":54,"column":21}},"10":{"start":{"line":59,"column":23},"end":{"line":59,"column":71}},"11":{"start":{"line":62,"column":8},"end":{"line":62,"column":74}},"12":{"start":{"line":63,"column":8},"end":{"line":63,"column":21}},"13":{"start":{"line":68,"column":4},"end":{"line":68,"column":17}}},"fnMap":{"0":{"name":"(anonymous_0)","decl":{"start":{"line":3,"column":14},"end":{"line":3,"column":15}},"loc":{"start":{"line":3,"column":25},"end":{"line":70,"column":1}},"line":3},"1":{"name":"(anonymous_1)","decl":{"start":{"line":3,"column":25},"end":{"line":3,"column":26}},"loc":{"start":{"line":3,"column":35},"end":{"line":70,"column":1}},"line":3},"2":{"name":"(anonymous_2)","decl":{"start":{"line":3,"column":35},"end":{"line":3,"column":36}},"loc":{"start":{"line":3,"column":53},"end":{"line":70,"column":1}},"line":3},"3":{"name":"(anonymous_3)","decl":{"start":{"line":51,"column":6},"end":{"line":51,"column":7}},"loc":{"start":{"line":51,"column":20},"end":{"line":55,"column":7}},"line":51},"4":{"name":"(anonymous_4)","decl":{"start":{"line":56,"column":6},"end":{"line":56,"column":7}},"loc":{"start":{"line":56,"column":15},"end":{"line":64,"column":7}},"line":56}},"branchMap":{"0":{"loc":{"start":{"line":22,"column":2},"end":{"line":69,"column":3}},"type":"if","locations":[{"start":{"line":22,"column":2},"end":{"line":69,"column":3}},{"start":{"line":66,"column":9},"end":{"line":69,"column":3}}],"line":22},"1":{"loc":{"start":{"line":59,"column":23},"end":{"line":59,"column":71}},"type":"binary-expr","locations":[{"start":{"line":59,"column":23},"end":{"line":59,"column":65}},{"start":{"line":59,"column":69},"end":{"line":59,"column":71}}],"line":59}},"s":{"0":1,"1":5,"2":5,"3":40,"4":40,"5":40,"6":40,"7":16,"8":16,"9":0,"10":16,"11":16,"12":16,"13":24},"f":{"0":5,"1":5,"2":40,"3":0,"4":16},"b":{"0":[16,24],"1":[16,1]},"_coverageSchema":"1a1c01bbd47fc00a2c39e90264f33305004495a9","hash":"620be876eb40c8090e34bcfd98ae8acb0c07019c"}
,"D:\\Projects\\Cognixia\\my_collabera_react_training\\src\\middlewares\\loggerMiddleware.js": {"path":"D:\\Projects\\Cognixia\\my_collabera_react_training\\src\\middlewares\\loggerMiddleware.js","statementMap":{"0":{"start":{"line":1,"column":15},"end":{"line":5,"column":1}},"1":{"start":{"line":1,"column":26},"end":{"line":5,"column":1}},"2":{"start":{"line":1,"column":36},"end":{"line":5,"column":1}},"3":{"start":{"line":4,"column":2},"end":{"line":4,"column":15}}},"fnMap":{"0":{"name":"(anonymous_0)","decl":{"start":{"line":1,"column":15},"end":{"line":1,"column":16}},"loc":{"start":{"line":1,"column":26},"end":{"line":5,"column":1}},"line":1},"1":{"name":"(anonymous_1)","decl":{"start":{"line":1,"column":26},"end":{"line":1,"column":27}},"loc":{"start":{"line":1,"column":36},"end":{"line":5,"column":1}},"line":1},"2":{"name":"(anonymous_2)","decl":{"start":{"line":1,"column":36},"end":{"line":1,"column":37}},"loc":{"start":{"line":1,"column":48},"end":{"line":5,"column":1}},"line":1}},"branchMap":{},"s":{"0":1,"1":5,"2":5,"3":40},"f":{"0":5,"1":5,"2":40},"b":{},"_coverageSchema":"1a1c01bbd47fc00a2c39e90264f33305004495a9","hash":"934de7fc85cc7d10e423b6890afa2b5102754c80"}
,"D:\\Projects\\Cognixia\\my_collabera_react_training\\src\\pages\\Dashboard\\index.jsx": {"path":"D:\\Projects\\Cognixia\\my_collabera_react_training\\src\\pages\\Dashboard\\index.jsx","statementMap":{"0":{"start":{"line":6,"column":24},"end":{"line":14,"column":2}},"1":{"start":{"line":6,"column":60},"end":{"line":14,"column":1}},"2":{"start":{"line":9,"column":11},"end":{"line":9,"column":67}},"3":{"start":{"line":12,"column":11},"end":{"line":12,"column":67}},"4":{"start":{"line":16,"column":27},"end":{"line":35,"column":2}},"5":{"start":{"line":16,"column":42},"end":{"line":35,"column":1}},"6":{"start":{"line":18,"column":4},"end":{"line":25,"column":6}},"7":{"start":{"line":27,"column":4},"end":{"line":34,"column":6}}},"fnMap":{"0":{"name":"(anonymous_0)","decl":{"start":{"line":6,"column":24},"end":{"line":6,"column":25}},"loc":{"start":{"line":6,"column":60},"end":{"line":14,"column":1}},"line":6},"1":{"name":"(anonymous_1)","decl":{"start":{"line":9,"column":4},"end":{"line":9,"column":5}},"loc":{"start":{"line":9,"column":11},"end":{"line":9,"column":67}},"line":9},"2":{"name":"(anonymous_2)","decl":{"start":{"line":12,"column":4},"end":{"line":12,"column":5}},"loc":{"start":{"line":12,"column":11},"end":{"line":12,"column":67}},"line":12},"3":{"name":"(anonymous_3)","decl":{"start":{"line":16,"column":27},"end":{"line":16,"column":28}},"loc":{"start":{"line":16,"column":42},"end":{"line":35,"column":1}},"line":16},"4":{"name":"(anonymous_4)","decl":{"start":{"line":17,"column":16},"end":{"line":17,"column":17}},"loc":{"start":{"line":18,"column":4},"end":{"line":25,"column":6}},"line":18},"5":{"name":"(anonymous_5)","decl":{"start":{"line":26,"column":12},"end":{"line":26,"column":13}},"loc":{"start":{"line":27,"column":4},"end":{"line":34,"column":6}},"line":27}},"branchMap":{"0":{"loc":{"start":{"line":9,"column":11},"end":{"line":9,"column":67}},"type":"binary-expr","locations":[{"start":{"line":9,"column":11},"end":{"line":9,"column":39}},{"start":{"line":9,"column":43},"end":{"line":9,"column":67}}],"line":9},"1":{"loc":{"start":{"line":12,"column":11},"end":{"line":12,"column":67}},"type":"binary-expr","locations":[{"start":{"line":12,"column":11},"end":{"line":12,"column":39}},{"start":{"line":12,"column":43},"end":{"line":12,"column":67}}],"line":12}},"s":{"0":1,"1":18,"2":9,"3":4,"4":1,"5":5,"6":5,"7":5},"f":{"0":18,"1":9,"2":4,"3":5,"4":5,"5":5},"b":{"0":[9,4],"1":[4,0]},"_coverageSchema":"1a1c01bbd47fc00a2c39e90264f33305004495a9","hash":"6bab3d3c5ddbc8829fb804b01ba6ba5b6b15d010"}
,"D:\\Projects\\Cognixia\\my_collabera_react_training\\src\\pages\\Dashboard\\page.jsx": {"path":"D:\\Projects\\Cognixia\\my_collabera_react_training\\src\\pages\\Dashboard\\page.jsx","statementMap":{"0":{"start":{"line":6,"column":19},"end":{"line":8,"column":30}},"1":{"start":{"line":7,"column":4},"end":{"line":7,"column":52}},"2":{"start":{"line":10,"column":2},"end":{"line":12,"column":17}},"3":{"start":{"line":11,"column":4},"end":{"line":11,"column":15}},"4":{"start":{"line":14,"column":2},"end":{"line":16,"column":3}},"5":{"start":{"line":15,"column":4},"end":{"line":15,"column":53}},"6":{"start":{"line":18,"column":2},"end":{"line":20,"column":3}},"7":{"start":{"line":19,"column":4},"end":{"line":19,"column":64}},"8":{"start":{"line":22,"column":2},"end":{"line":28,"column":4}},"9":{"start":{"line":25,"column":8},"end":{"line":25,"column":54}},"10":{"start":{"line":31,"column":0},"end":{"line":37,"column":2}}},"fnMap":{"0":{"name":"Dashboard","decl":{"start":{"line":5,"column":9},"end":{"line":5,"column":18}},"loc":{"start":{"line":5,"column":76},"end":{"line":29,"column":1}},"line":5},"1":{"name":"(anonymous_1)","decl":{"start":{"line":6,"column":31},"end":{"line":6,"column":32}},"loc":{"start":{"line":6,"column":43},"end":{"line":8,"column":3}},"line":6},"2":{"name":"(anonymous_2)","decl":{"start":{"line":10,"column":12},"end":{"line":10,"column":13}},"loc":{"start":{"line":10,"column":18},"end":{"line":12,"column":3}},"line":10},"3":{"name":"(anonymous_3)","decl":{"start":{"line":24,"column":20},"end":{"line":24,"column":21}},"loc":{"start":{"line":25,"column":8},"end":{"line":25,"column":54}},"line":25}},"branchMap":{"0":{"loc":{"start":{"line":14,"column":2},"end":{"line":16,"column":3}},"type":"if","locations":[{"start":{"line":14,"column":2},"end":{"line":16,"column":3}},{"start":{},"end":{}}],"line":14},"1":{"loc":{"start":{"line":18,"column":2},"end":{"line":20,"column":3}},"type":"if","locations":[{"start":{"line":18,"column":2},"end":{"line":20,"column":3}},{"start":{},"end":{}}],"line":18}},"s":{"0":13,"1":5,"2":13,"3":5,"4":13,"5":5,"6":8,"7":1,"8":7,"9":2,"10":1},"f":{"0":13,"1":5,"2":5,"3":2},"b":{"0":[5,8],"1":[1,7]},"_coverageSchema":"1a1c01bbd47fc00a2c39e90264f33305004495a9","hash":"3e804aec66bd40c128ebfb5a2929ee3dfa1f1006"}
,"D:\\Projects\\Cognixia\\my_collabera_react_training\\src\\reducers\\cartReducer.js": {"path":"D:\\Projects\\Cognixia\\my_collabera_react_training\\src\\reducers\\cartReducer.js","statementMap":{"0":{"start":{"line":1,"column":32},"end":{"line":1,"column":34}},"1":{"start":{"line":9,"column":2},"end":{"line":28,"column":3}},"2":{"start":{"line":11,"column":6},"end":{"line":11,"column":21}},"3":{"start":{"line":14,"column":6},"end":{"line":14,"column":33}},"4":{"start":{"line":17,"column":20},"end":{"line":17,"column":63}},"5":{"start":{"line":17,"column":43},"end":{"line":17,"column":62}},"6":{"start":{"line":18,"column":6},"end":{"line":18,"column":76}},"7":{"start":{"line":22,"column":20},"end":{"line":22,"column":63}},"8":{"start":{"line":22,"column":43},"end":{"line":22,"column":62}},"9":{"start":{"line":23,"column":6},"end":{"line":23,"column":67}},"10":{"start":{"line":27,"column":6},"end":{"line":27,"column":19}}},"fnMap":{"0":{"name":"(anonymous_0)","decl":{"start":{"line":3,"column":15},"end":{"line":3,"column":16}},"loc":{"start":{"line":3,"column":64},"end":{"line":29,"column":1}},"line":3},"1":{"name":"(anonymous_1)","decl":{"start":{"line":17,"column":36},"end":{"line":17,"column":37}},"loc":{"start":{"line":17,"column":43},"end":{"line":17,"column":62}},"line":17},"2":{"name":"(anonymous_2)","decl":{"start":{"line":22,"column":36},"end":{"line":22,"column":37}},"loc":{"start":{"line":22,"column":43},"end":{"line":22,"column":62}},"line":22}},"branchMap":{"0":{"loc":{"start":{"line":3,"column":16},"end":{"line":3,"column":40}},"type":"default-arg","locations":[{"start":{"line":3,"column":24},"end":{"line":3,"column":40}}],"line":3},"1":{"loc":{"start":{"line":9,"column":2},"end":{"line":28,"column":3}},"type":"switch","locations":[{"start":{"line":10,"column":4},"end":{"line":11,"column":21}},{"start":{"line":13,"column":4},"end":{"line":14,"column":33}},{"start":{"line":16,"column":4},"end":{"line":19,"column":5}},{"start":{"line":21,"column":4},"end":{"line":24,"column":5}},{"start":{"line":26,"column":4},"end":{"line":27,"column":19}}],"line":9}},"s":{"0":2,"1":52,"2":8,"3":1,"4":1,"5":2,"6":1,"7":1,"8":2,"9":1,"10":41},"f":{"0":52,"1":2,"2":2},"b":{"0":[8],"1":[8,1,1,1,41]},"_coverageSchema":"1a1c01bbd47fc00a2c39e90264f33305004495a9","hash":"c7ed0dd91e712cf32a0b86e114a062425a8dd4c2"}
,"D:\\Projects\\Cognixia\\my_collabera_react_training\\src\\reducers\\errorReducer.js": {"path":"D:\\Projects\\Cognixia\\my_collabera_react_training\\src\\reducers\\errorReducer.js","statementMap":{"0":{"start":{"line":1,"column":33},"end":{"line":1,"column":35}},"1":{"start":{"line":4,"column":16},"end":{"line":4,"column":48}},"2":{"start":{"line":7,"column":2},"end":{"line":7,"column":27}},"3":{"start":{"line":7,"column":14},"end":{"line":7,"column":27}},"4":{"start":{"line":9,"column":37},"end":{"line":9,"column":42}},"5":{"start":{"line":10,"column":2},"end":{"line":20,"column":3}},"6":{"start":{"line":12,"column":4},"end":{"line":19,"column":6}},"7":{"start":{"line":24,"column":2},"end":{"line":26,"column":4}},"8":{"start":{"line":25,"column":11},"end":{"line":25,"column":71}}},"fnMap":{"0":{"name":"(anonymous_0)","decl":{"start":{"line":3,"column":15},"end":{"line":3,"column":16}},"loc":{"start":{"line":3,"column":71},"end":{"line":27,"column":1}},"line":3},"1":{"name":"(anonymous_1)","decl":{"start":{"line":25,"column":4},"end":{"line":25,"column":5}},"loc":{"start":{"line":25,"column":11},"end":{"line":25,"column":71}},"line":25}},"branchMap":{"0":{"loc":{"start":{"line":3,"column":16},"end":{"line":3,"column":41}},"type":"default-arg","locations":[{"start":{"line":3,"column":24},"end":{"line":3,"column":41}}],"line":3},"1":{"loc":{"start":{"line":7,"column":2},"end":{"line":7,"column":27}},"type":"if","locations":[{"start":{"line":7,"column":2},"end":{"line":7,"column":27}},{"start":{},"end":{}}],"line":7},"2":{"loc":{"start":{"line":10,"column":2},"end":{"line":20,"column":3}},"type":"if","locations":[{"start":{"line":10,"column":2},"end":{"line":20,"column":3}},{"start":{},"end":{}}],"line":10},"3":{"loc":{"start":{"line":25,"column":13},"end":{"line":25,"column":70}},"type":"binary-expr","locations":[{"start":{"line":25,"column":13},"end":{"line":25,"column":36}},{"start":{"line":25,"column":40},"end":{"line":25,"column":70}}],"line":25}},"s":{"0":1,"1":47,"2":47,"3":21,"4":26,"5":26,"6":16,"7":10,"8":0},"f":{"0":47,"1":0},"b":{"0":[7],"1":[21,26],"2":[16,10],"3":[0,0]},"_coverageSchema":"1a1c01bbd47fc00a2c39e90264f33305004495a9","hash":"25c7952208b364d2ac55a5dcc8548afc982082fc"}
,"D:\\Projects\\Cognixia\\my_collabera_react_training\\src\\reducers\\index.js": {"path":"D:\\Projects\\Cognixia\\my_collabera_react_training\\src\\reducers\\index.js","statementMap":{},"fnMap":{},"branchMap":{},"s":{},"f":{},"b":{},"_coverageSchema":"1a1c01bbd47fc00a2c39e90264f33305004495a9","hash":"a731d6b1702e951d53e7f1f76f57dda9015872c3"}
,"D:\\Projects\\Cognixia\\my_collabera_react_training\\src\\reducers\\loadingReducer.js": {"path":"D:\\Projects\\Cognixia\\my_collabera_react_training\\src\\reducers\\loadingReducer.js","statementMap":{"0":{"start":{"line":1,"column":35},"end":{"line":1,"column":37}},"1":{"start":{"line":4,"column":16},"end":{"line":4,"column":56}},"2":{"start":{"line":11,"column":2},"end":{"line":11,"column":27}},"3":{"start":{"line":11,"column":14},"end":{"line":11,"column":27}},"4":{"start":{"line":13,"column":37},"end":{"line":13,"column":42}},"5":{"start":{"line":17,"column":2},"end":{"line":26,"column":3}},"6":{"start":{"line":19,"column":4},"end":{"line":25,"column":6}},"7":{"start":{"line":29,"column":2},"end":{"line":31,"column":4}},"8":{"start":{"line":30,"column":11},"end":{"line":30,"column":71}}},"fnMap":{"0":{"name":"(anonymous_0)","decl":{"start":{"line":3,"column":15},"end":{"line":3,"column":16}},"loc":{"start":{"line":3,"column":64},"end":{"line":32,"column":1}},"line":3},"1":{"name":"(anonymous_1)","decl":{"start":{"line":30,"column":4},"end":{"line":30,"column":5}},"loc":{"start":{"line":30,"column":11},"end":{"line":30,"column":71}},"line":30}},"branchMap":{"0":{"loc":{"start":{"line":3,"column":16},"end":{"line":3,"column":43}},"type":"default-arg","locations":[{"start":{"line":3,"column":24},"end":{"line":3,"column":43}}],"line":3},"1":{"loc":{"start":{"line":11,"column":2},"end":{"line":11,"column":27}},"type":"if","locations":[{"start":{"line":11,"column":2},"end":{"line":11,"column":27}},{"start":{},"end":{}}],"line":11},"2":{"loc":{"start":{"line":17,"column":2},"end":{"line":26,"column":3}},"type":"if","locations":[{"start":{"line":17,"column":2},"end":{"line":26,"column":3}},{"start":{},"end":{}}],"line":17},"3":{"loc":{"start":{"line":30,"column":13},"end":{"line":30,"column":70}},"type":"binary-expr","locations":[{"start":{"line":30,"column":13},"end":{"line":30,"column":36}},{"start":{"line":30,"column":40},"end":{"line":30,"column":70}}],"line":30}},"s":{"0":2,"1":50,"2":50,"3":8,"4":42,"5":42,"6":11,"7":31,"8":16},"f":{"0":50,"1":16},"b":{"0":[8],"1":[8,42],"2":[11,31],"3":[16,11]},"_coverageSchema":"1a1c01bbd47fc00a2c39e90264f33305004495a9","hash":"de1fcbb6842a2e0a5a167c382c85a5050426161c"}
,"D:\\Projects\\Cognixia\\my_collabera_react_training\\src\\reducers\\productsReducer.js": {"path":"D:\\Projects\\Cognixia\\my_collabera_react_training\\src\\reducers\\productsReducer.js","statementMap":{"0":{"start":{"line":1,"column":36},"end":{"line":1,"column":38}},"1":{"start":{"line":4,"column":2},"end":{"line":10,"column":3}},"2":{"start":{"line":6,"column":6},"end":{"line":6,"column":21}},"3":{"start":{"line":9,"column":6},"end":{"line":9,"column":19}}},"fnMap":{"0":{"name":"(anonymous_0)","decl":{"start":{"line":3,"column":15},"end":{"line":3,"column":16}},"loc":{"start":{"line":3,"column":68},"end":{"line":11,"column":1}},"line":3}},"branchMap":{"0":{"loc":{"start":{"line":3,"column":16},"end":{"line":3,"column":44}},"type":"default-arg","locations":[{"start":{"line":3,"column":24},"end":{"line":3,"column":44}}],"line":3},"1":{"loc":{"start":{"line":4,"column":2},"end":{"line":10,"column":3}},"type":"switch","locations":[{"start":{"line":5,"column":4},"end":{"line":6,"column":21}},{"start":{"line":8,"column":4},"end":{"line":9,"column":19}}],"line":4}},"s":{"0":1,"1":47,"2":7,"3":40},"f":{"0":47},"b":{"0":[7],"1":[7,40]},"_coverageSchema":"1a1c01bbd47fc00a2c39e90264f33305004495a9","hash":"85f5ca899abdb59194282a7b16fea917897725b2"}
,"D:\\Projects\\Cognixia\\my_collabera_react_training\\src\\reducers\\userReducer.js": {"path":"D:\\Projects\\Cognixia\\my_collabera_react_training\\src\\reducers\\userReducer.js","statementMap":{"0":{"start":{"line":1,"column":28},"end":{"line":4,"column":1}},"1":{"start":{"line":7,"column":2},"end":{"line":28,"column":3}},"2":{"start":{"line":10,"column":6},"end":{"line":10,"column":61}},"3":{"start":{"line":11,"column":6},"end":{"line":11,"column":38}},"4":{"start":{"line":15,"column":20},"end":{"line":15,"column":49}},"5":{"start":{"line":16,"column":6},"end":{"line":18,"column":7}},"6":{"start":{"line":17,"column":8},"end":{"line":17,"column":33}},"7":{"start":{"line":19,"column":6},"end":{"line":19,"column":26}},"8":{"start":{"line":23,"column":6},"end":{"line":23,"column":27}},"9":{"start":{"line":24,"column":6},"end":{"line":24,"column":26}},"10":{"start":{"line":27,"column":6},"end":{"line":27,"column":19}}},"fnMap":{"0":{"name":"(anonymous_0)","decl":{"start":{"line":6,"column":15},"end":{"line":6,"column":16}},"loc":{"start":{"line":6,"column":60},"end":{"line":29,"column":1}},"line":6}},"branchMap":{"0":{"loc":{"start":{"line":6,"column":16},"end":{"line":6,"column":36}},"type":"default-arg","locations":[{"start":{"line":6,"column":24},"end":{"line":6,"column":36}}],"line":6},"1":{"loc":{"start":{"line":7,"column":2},"end":{"line":28,"column":3}},"type":"switch","locations":[{"start":{"line":8,"column":4},"end":{"line":8,"column":25}},{"start":{"line":9,"column":4},"end":{"line":12,"column":5}},{"start":{"line":14,"column":4},"end":{"line":20,"column":5}},{"start":{"line":22,"column":4},"end":{"line":24,"column":26}},{"start":{"line":26,"column":4},"end":{"line":27,"column":19}}],"line":7},"2":{"loc":{"start":{"line":16,"column":6},"end":{"line":18,"column":7}},"type":"if","locations":[{"start":{"line":16,"column":6},"end":{"line":18,"column":7}},{"start":{},"end":{}}],"line":16}},"s":{"0":2,"1":52,"2":1,"3":0,"4":2,"5":0,"6":0,"7":0,"8":1,"9":0,"10":48},"f":{"0":52},"b":{"0":[11],"1":[1,1,2,1,48],"2":[0,0]},"_coverageSchema":"1a1c01bbd47fc00a2c39e90264f33305004495a9","hash":"5665e4f49dfac05d91fe797ba89c9a66b21b1ac7"}
,"D:\\Projects\\Cognixia\\my_collabera_react_training\\src\\sagas\\authSaga.js": {"path":"D:\\Projects\\Cognixia\\my_collabera_react_training\\src\\sagas\\authSaga.js","statementMap":{"0":{"start":{"line":30,"column":2},"end":{"line":48,"column":3}},"1":{"start":{"line":31,"column":16},"end":{"line":35,"column":6}},"2":{"start":{"line":37,"column":4},"end":{"line":41,"column":7}},"3":{"start":{"line":43,"column":4},"end":{"line":47,"column":7}},"4":{"start":{"line":52,"column":2},"end":{"line":52,"column":50}},"5":{"start":{"line":56,"column":2},"end":{"line":56,"column":49}},"6":{"start":{"line":60,"column":2},"end":{"line":60,"column":57}}},"fnMap":{"0":{"name":"register","decl":{"start":{"line":29,"column":10},"end":{"line":29,"column":18}},"loc":{"start":{"line":29,"column":38},"end":{"line":49,"column":1}},"line":29},"1":{"name":"loginRequest","decl":{"start":{"line":51,"column":10},"end":{"line":51,"column":22}},"loc":{"start":{"line":51,"column":25},"end":{"line":53,"column":1}},"line":51},"2":{"name":"registerRequest","decl":{"start":{"line":55,"column":10},"end":{"line":55,"column":25}},"loc":{"start":{"line":55,"column":28},"end":{"line":57,"column":1}},"line":55},"3":{"name":"authSaga","decl":{"start":{"line":59,"column":25},"end":{"line":59,"column":33}},"loc":{"start":{"line":59,"column":36},"end":{"line":61,"column":1}},"line":59}},"branchMap":{},"s":{"0":0,"1":0,"2":0,"3":0,"4":5,"5":5,"6":5},"f":{"0":0,"1":5,"2":5,"3":5},"b":{},"_coverageSchema":"1a1c01bbd47fc00a2c39e90264f33305004495a9","hash":"ee9134b182385c94f4e522278a7df480a2044608"}
,"D:\\Projects\\Cognixia\\my_collabera_react_training\\src\\sagas\\cartSaga.js": {"path":"D:\\Projects\\Cognixia\\my_collabera_react_training\\src\\sagas\\cartSaga.js","statementMap":{"0":{"start":{"line":53,"column":2},"end":{"line":53,"column":53}},"1":{"start":{"line":57,"column":2},"end":{"line":57,"column":53}},"2":{"start":{"line":61,"column":2},"end":{"line":61,"column":56}},"3":{"start":{"line":65,"column":2},"end":{"line":65,"column":57}},"4":{"start":{"line":69,"column":2},"end":{"line":74,"column":5}}},"fnMap":{"0":{"name":"loadCartRequest","decl":{"start":{"line":52,"column":10},"end":{"line":52,"column":25}},"loc":{"start":{"line":52,"column":28},"end":{"line":54,"column":1}},"line":52},"1":{"name":"addCartRequest","decl":{"start":{"line":56,"column":10},"end":{"line":56,"column":24}},"loc":{"start":{"line":56,"column":27},"end":{"line":58,"column":1}},"line":56},"2":{"name":"updateCartRequest","decl":{"start":{"line":60,"column":10},"end":{"line":60,"column":27}},"loc":{"start":{"line":60,"column":30},"end":{"line":62,"column":1}},"line":60},"3":{"name":"deleteCartRequest","decl":{"start":{"line":64,"column":10},"end":{"line":64,"column":27}},"loc":{"start":{"line":64,"column":30},"end":{"line":66,"column":1}},"line":64},"4":{"name":"cartSaga","decl":{"start":{"line":68,"column":25},"end":{"line":68,"column":33}},"loc":{"start":{"line":68,"column":36},"end":{"line":75,"column":1}},"line":68}},"branchMap":{},"s":{"0":5,"1":5,"2":5,"3":5,"4":5},"f":{"0":5,"1":5,"2":5,"3":5,"4":5},"b":{},"_coverageSchema":"1a1c01bbd47fc00a2c39e90264f33305004495a9","hash":"b13ed1da677ee784b77e750d17acf11ac3610ed5"}
,"D:\\Projects\\Cognixia\\my_collabera_react_training\\src\\sagas\\productsSaga.js": {"path":"D:\\Projects\\Cognixia\\my_collabera_react_training\\src\\sagas\\productsSaga.js","statementMap":{"0":{"start":{"line":17,"column":2},"end":{"line":17,"column":57}},"1":{"start":{"line":21,"column":2},"end":{"line":21,"column":41}}},"fnMap":{"0":{"name":"loadProductsRequest","decl":{"start":{"line":16,"column":10},"end":{"line":16,"column":29}},"loc":{"start":{"line":16,"column":32},"end":{"line":18,"column":1}},"line":16},"1":{"name":"productsSaga","decl":{"start":{"line":20,"column":25},"end":{"line":20,"column":37}},"loc":{"start":{"line":20,"column":40},"end":{"line":22,"column":1}},"line":20}},"branchMap":{},"s":{"0":5,"1":5},"f":{"0":5,"1":5},"b":{},"_coverageSchema":"1a1c01bbd47fc00a2c39e90264f33305004495a9","hash":"177e5fdc260362f6687849d1a7453261c62753da"}
,"D:\\Projects\\Cognixia\\my_collabera_react_training\\src\\sagas\\rootSaga.js": {"path":"D:\\Projects\\Cognixia\\my_collabera_react_training\\src\\sagas\\rootSaga.js","statementMap":{"0":{"start":{"line":13,"column":2},"end":{"line":13,"column":66}}},"fnMap":{"0":{"name":"rootSaga","decl":{"start":{"line":12,"column":25},"end":{"line":12,"column":33}},"loc":{"start":{"line":12,"column":36},"end":{"line":14,"column":1}},"line":12}},"branchMap":{},"s":{"0":5},"f":{"0":5},"b":{},"_coverageSchema":"1a1c01bbd47fc00a2c39e90264f33305004495a9","hash":"a8f1ddfd0d67793019320927e22925e254b2bbac"}
,"D:\\Projects\\Cognixia\\my_collabera_react_training\\src\\utils\\apiGenerator.js": {"path":"D:\\Projects\\Cognixia\\my_collabera_react_training\\src\\utils\\apiGenerator.js","statementMap":{"0":{"start":{"line":5,"column":16},"end":{"line":5,"column":43}},"1":{"start":{"line":6,"column":25},"end":{"line":6,"column":30}},"2":{"start":{"line":9,"column":2},"end":{"line":33,"column":3}},"3":{"start":{"line":10,"column":16},"end":{"line":10,"column":50}},"4":{"start":{"line":11,"column":4},"end":{"line":15,"column":7}},"5":{"start":{"line":17,"column":4},"end":{"line":32,"column":7}},"6":{"start":{"line":24,"column":12},"end":{"line":26,"column":13}},"7":{"start":{"line":25,"column":14},"end":{"line":25,"column":78}},"8":{"start":{"line":27,"column":12},"end":{"line":27,"column":41}}},"fnMap":{"0":{"name":"apiGenerator","decl":{"start":{"line":4,"column":10},"end":{"line":4,"column":22}},"loc":{"start":{"line":4,"column":48},"end":{"line":34,"column":1}},"line":4},"1":{"name":"(anonymous_1)","decl":{"start":{"line":23,"column":15},"end":{"line":23,"column":16}},"loc":{"start":{"line":23,"column":25},"end":{"line":28,"column":11}},"line":23}},"branchMap":{"0":{"loc":{"start":{"line":13,"column":15},"end":{"line":13,"column":63}},"type":"cond-expr","locations":[{"start":{"line":13,"column":45},"end":{"line":13,"column":57}},{"start":{"line":13,"column":60},"end":{"line":13,"column":63}}],"line":13},"1":{"loc":{"start":{"line":24,"column":12},"end":{"line":26,"column":13}},"type":"if","locations":[{"start":{"line":24,"column":12},"end":{"line":26,"column":13}},{"start":{},"end":{}}],"line":24}},"s":{"0":30,"1":30,"2":30,"3":30,"4":14,"5":16,"6":32,"7":16,"8":16},"f":{"0":30,"1":32},"b":{"0":[0,14],"1":[16,16]},"_coverageSchema":"1a1c01bbd47fc00a2c39e90264f33305004495a9","hash":"349852154e5b97c767c01c02c6d8c3fd36c3ca1c"}
,"D:\\Projects\\Cognixia\\my_collabera_react_training\\src\\utils\\axiosInstance.js": {"path":"D:\\Projects\\Cognixia\\my_collabera_react_training\\src\\utils\\axiosInstance.js","statementMap":{"0":{"start":{"line":3,"column":22},"end":{"line":7,"column":2}},"1":{"start":{"line":9,"column":0},"end":{"line":20,"column":2}},"2":{"start":{"line":11,"column":26},"end":{"line":11,"column":39}},"3":{"start":{"line":12,"column":18},"end":{"line":12,"column":47}},"4":{"start":{"line":13,"column":4},"end":{"line":16,"column":5}},"5":{"start":{"line":14,"column":24},"end":{"line":14,"column":41}},"6":{"start":{"line":15,"column":6},"end":{"line":15,"column":78}},"7":{"start":{"line":17,"column":4},"end":{"line":17,"column":25}},"8":{"start":{"line":19,"column":13},"end":{"line":19,"column":34}},"9":{"start":{"line":22,"column":0},"end":{"line":30,"column":2}},"10":{"start":{"line":23,"column":16},"end":{"line":23,"column":29}},"11":{"start":{"line":25,"column":4},"end":{"line":27,"column":5}},"12":{"start":{"line":26,"column":6},"end":{"line":26,"column":60}},"13":{"start":{"line":28,"column":4},"end":{"line":28,"column":33}}},"fnMap":{"0":{"name":"(anonymous_0)","decl":{"start":{"line":10,"column":2},"end":{"line":10,"column":3}},"loc":{"start":{"line":10,"column":14},"end":{"line":18,"column":3}},"line":10},"1":{"name":"(anonymous_1)","decl":{"start":{"line":19,"column":2},"end":{"line":19,"column":3}},"loc":{"start":{"line":19,"column":13},"end":{"line":19,"column":34}},"line":19},"2":{"name":"(anonymous_2)","decl":{"start":{"line":23,"column":2},"end":{"line":23,"column":3}},"loc":{"start":{"line":23,"column":16},"end":{"line":23,"column":29}},"line":23},"3":{"name":"(anonymous_3)","decl":{"start":{"line":24,"column":2},"end":{"line":24,"column":3}},"loc":{"start":{"line":24,"column":13},"end":{"line":29,"column":3}},"line":24}},"branchMap":{"0":{"loc":{"start":{"line":13,"column":4},"end":{"line":16,"column":5}},"type":"if","locations":[{"start":{"line":13,"column":4},"end":{"line":16,"column":5}},{"start":{},"end":{}}],"line":13},"1":{"loc":{"start":{"line":25,"column":4},"end":{"line":27,"column":5}},"type":"if","locations":[{"start":{"line":25,"column":4},"end":{"line":27,"column":5}},{"start":{},"end":{}}],"line":25}},"s":{"0":1,"1":1,"2":46,"3":46,"4":46,"5":0,"6":0,"7":46,"8":0,"9":1,"10":14,"11":32,"12":0,"13":32},"f":{"0":46,"1":0,"2":14,"3":32},"b":{"0":[0,46],"1":[0,32]},"_coverageSchema":"1a1c01bbd47fc00a2c39e90264f33305004495a9","hash":"0743d9e93ac8f76678e1a87d677a238ceaa64ab8"}
,"D:\\Projects\\Cognixia\\my_collabera_react_training\\src\\utils\\configureStore.js": {"path":"D:\\Projects\\Cognixia\\my_collabera_react_training\\src\\utils\\configureStore.js","statementMap":{"0":{"start":{"line":19,"column":25},"end":{"line":19,"column":79}},"1":{"start":{"line":22,"column":23},"end":{"line":22,"column":45}},"2":{"start":{"line":29,"column":23},"end":{"line":39,"column":1}},"3":{"start":{"line":30,"column":22},"end":{"line":30,"column":53}},"4":{"start":{"line":31,"column":16},"end":{"line":34,"column":3}},"5":{"start":{"line":36,"column":2},"end":{"line":36,"column":31}},"6":{"start":{"line":38,"column":2},"end":{"line":38,"column":15}}},"fnMap":{"0":{"name":"(anonymous_0)","decl":{"start":{"line":29,"column":23},"end":{"line":29,"column":24}},"loc":{"start":{"line":29,"column":29},"end":{"line":39,"column":1}},"line":29}},"branchMap":{"0":{"loc":{"start":{"line":19,"column":25},"end":{"line":19,"column":79}},"type":"binary-expr","locations":[{"start":{"line":19,"column":25},"end":{"line":19,"column":68}},{"start":{"line":19,"column":72},"end":{"line":19,"column":79}}],"line":19}},"s":{"0":1,"1":1,"2":1,"3":5,"4":5,"5":5,"6":5},"f":{"0":5},"b":{"0":[1,1]},"_coverageSchema":"1a1c01bbd47fc00a2c39e90264f33305004495a9","hash":"34b08946191fa35ab1c888b6c70dab52765b9252"}
,"D:\\Projects\\Cognixia\\my_collabera_react_training\\src\\utils\\index.js": {"path":"D:\\Projects\\Cognixia\\my_collabera_react_training\\src\\utils\\index.js","statementMap":{"0":{"start":{"line":1,"column":24},"end":{"line":5,"column":18}},"1":{"start":{"line":2,"column":2},"end":{"line":5,"column":18}},"2":{"start":{"line":7,"column":17},"end":{"line":7,"column":18}}},"fnMap":{"0":{"name":"(anonymous_0)","decl":{"start":{"line":1,"column":24},"end":{"line":1,"column":25}},"loc":{"start":{"line":2,"column":2},"end":{"line":5,"column":18}},"line":2}},"branchMap":{},"s":{"0":2,"1":16,"2":2},"f":{"0":16},"b":{},"_coverageSchema":"1a1c01bbd47fc00a2c39e90264f33305004495a9","hash":"964e4083f07785849b4669a11a91e06ea996889e"}
,"D:\\Projects\\Cognixia\\my_collabera_react_training\\src\\utils\\localStorageMock.js": {"path":"D:\\Projects\\Cognixia\\my_collabera_react_training\\src\\utils\\localStorageMock.js","statementMap":{"0":{"start":{"line":1,"column":25},"end":{"line":25,"column":1}},"1":{"start":{"line":2,"column":14},"end":{"line":2,"column":16}},"2":{"start":{"line":4,"column":2},"end":{"line":24,"column":4}},"3":{"start":{"line":6,"column":6},"end":{"line":6,"column":24}},"4":{"start":{"line":10,"column":6},"end":{"line":10,"column":25}},"5":{"start":{"line":14,"column":6},"end":{"line":14,"column":17}},"6":{"start":{"line":18,"column":6},"end":{"line":18,"column":24}},"7":{"start":{"line":22,"column":6},"end":{"line":22,"column":19}},"8":{"start":{"line":27,"column":0},"end":{"line":27,"column":75}}},"fnMap":{"0":{"name":"(anonymous_0)","decl":{"start":{"line":1,"column":25},"end":{"line":1,"column":26}},"loc":{"start":{"line":1,"column":31},"end":{"line":25,"column":1}},"line":1},"1":{"name":"(anonymous_1)","decl":{"start":{"line":5,"column":4},"end":{"line":5,"column":5}},"loc":{"start":{"line":5,"column":17},"end":{"line":7,"column":5}},"line":5},"2":{"name":"(anonymous_2)","decl":{"start":{"line":9,"column":4},"end":{"line":9,"column":5}},"loc":{"start":{"line":9,"column":24},"end":{"line":11,"column":5}},"line":9},"3":{"name":"(anonymous_3)","decl":{"start":{"line":13,"column":4},"end":{"line":13,"column":5}},"loc":{"start":{"line":13,"column":12},"end":{"line":15,"column":5}},"line":13},"4":{"name":"(anonymous_4)","decl":{"start":{"line":17,"column":4},"end":{"line":17,"column":5}},"loc":{"start":{"line":17,"column":20},"end":{"line":19,"column":5}},"line":17},"5":{"name":"(anonymous_5)","decl":{"start":{"line":21,"column":4},"end":{"line":21,"column":5}},"loc":{"start":{"line":21,"column":13},"end":{"line":23,"column":5}},"line":21}},"branchMap":{},"s":{"0":1,"1":0,"2":0,"3":0,"4":0,"5":0,"6":0,"7":0,"8":1},"f":{"0":0,"1":0,"2":0,"3":0,"4":0,"5":0},"b":{},"_coverageSchema":"1a1c01bbd47fc00a2c39e90264f33305004495a9","hash":"18c3a0733a53de2ca4cc6c9d8515dbc758c93056"}
,"D:\\Projects\\Cognixia\\my_collabera_react_training\\src\\utils\\test-utils.jsx": {"path":"D:\\Projects\\Cognixia\\my_collabera_react_training\\src\\utils\\test-utils.jsx","statementMap":{"0":{"start":{"line":10,"column":16},"end":{"line":10,"column":32}},"1":{"start":{"line":13,"column":4},"end":{"line":13,"column":57}},"2":{"start":{"line":16,"column":2},"end":{"line":18,"column":4}},"3":{"start":{"line":21,"column":2},"end":{"line":21,"column":56}}},"fnMap":{"0":{"name":"renderWithProviders","decl":{"start":{"line":9,"column":24},"end":{"line":9,"column":43}},"loc":{"start":{"line":9,"column":48},"end":{"line":22,"column":1}},"line":9},"1":{"name":"Wrapper","decl":{"start":{"line":12,"column":11},"end":{"line":12,"column":18}},"loc":{"start":{"line":12,"column":33},"end":{"line":14,"column":3}},"line":12}},"branchMap":{},"s":{"0":5,"1":5,"2":5,"3":5},"f":{"0":5,"1":5},"b":{},"_coverageSchema":"1a1c01bbd47fc00a2c39e90264f33305004495a9","hash":"3c4ae146ce73ef427681e56f834e5064a447fb5e"}
}
