TN:
SF:src\components\Product\component.jsx
FN:9,Product
FN:72,(anonymous_1)
FN:92,(anonymous_2)
FN:107,(anonymous_3)
FNF:4
FNH:4
FNDA:15,Product
FNDA:2,(anonymous_1)
FNDA:1,(anonymous_2)
FNDA:1,(anonymous_3)
DA:40,15
DA:73,2
DA:74,1
DA:76,1
DA:93,1
DA:108,1
DA:123,2
DA:141,2
LF:8
LH:8
BRDA:66,0,0,7
BRDA:66,0,1,8
BRDA:73,1,0,1
BRDA:73,1,1,1
BRF:4
BRH:4
end_of_record
TN:
SF:src\components\Product\index.jsx
FN:9,(anonymous_0)
FN:10,(anonymous_1)
FN:11,(anonymous_2)
FN:14,(anonymous_3)
FN:21,(anonymous_4)
FN:31,(anonymous_5)
FN:41,(anonymous_6)
FNF:7
FNH:3
FNDA:2,(anonymous_0)
FNDA:2,(anonymous_1)
FNDA:0,(anonymous_2)
FNDA:2,(anonymous_3)
FNDA:0,(anonymous_4)
FNDA:0,(anonymous_5)
FNDA:0,(anonymous_6)
DA:9,2
DA:10,2
DA:11,0
DA:14,2
DA:22,0
DA:32,0
DA:42,0
LF:7
LH:3
BRF:0
BRH:0
end_of_record
TN:
SF:src\components\Reviews\index.jsx
FN:5,Reviews
FN:12,(anonymous_1)
FNF:2
FNH:2
FNDA:15,Reviews
FNDA:75,(anonymous_1)
DA:7,15
DA:13,75
LF:2
LH:2
BRF:0
BRH:0
end_of_record
TN:
SF:src\middlewares\errorMiddleware.js
FN:3,(anonymous_0)
FN:3,(anonymous_1)
FN:3,(anonymous_2)
FN:51,(anonymous_3)
FN:56,(anonymous_4)
FNF:5
FNH:4
FNDA:5,(anonymous_0)
FNDA:5,(anonymous_1)
FNDA:40,(anonymous_2)
FNDA:0,(anonymous_3)
FNDA:16,(anonymous_4)
DA:3,5
DA:14,40
DA:16,40
DA:19,40
DA:22,40
DA:23,16
DA:50,16
DA:54,0
DA:59,16
DA:62,16
DA:63,16
DA:68,24
LF:12
LH:11
BRDA:22,0,0,16
BRDA:22,0,1,24
BRDA:59,1,0,16
BRDA:59,1,1,1
BRF:4
BRH:4
end_of_record
TN:
SF:src\middlewares\loggerMiddleware.js
FN:1,(anonymous_0)
FN:1,(anonymous_1)
FN:1,(anonymous_2)
FNF:3
FNH:3
FNDA:5,(anonymous_0)
FNDA:5,(anonymous_1)
FNDA:40,(anonymous_2)
DA:1,5
DA:4,40
LF:2
LH:2
BRF:0
BRH:0
end_of_record
TN:
SF:src\pages\Dashboard\index.jsx
FN:6,(anonymous_0)
FN:9,(anonymous_1)
FN:12,(anonymous_2)
FN:16,(anonymous_3)
FN:17,(anonymous_4)
FN:26,(anonymous_5)
FNF:6
FNH:6
FNDA:18,(anonymous_0)
FNDA:9,(anonymous_1)
FNDA:4,(anonymous_2)
FNDA:5,(anonymous_3)
FNDA:5,(anonymous_4)
FNDA:5,(anonymous_5)
DA:6,18
DA:9,9
DA:12,4
DA:16,5
DA:18,5
DA:27,5
LF:6
LH:6
BRDA:9,0,0,9
BRDA:9,0,1,4
BRDA:12,1,0,4
BRDA:12,1,1,0
BRF:4
BRH:3
end_of_record
TN:
SF:src\pages\Dashboard\page.jsx
FN:5,Dashboard
FN:6,(anonymous_1)
FN:10,(anonymous_2)
FN:24,(anonymous_3)
FNF:4
FNH:4
FNDA:13,Dashboard
FNDA:5,(anonymous_1)
FNDA:5,(anonymous_2)
FNDA:2,(anonymous_3)
DA:6,13
DA:7,5
DA:10,13
DA:11,5
DA:14,13
DA:15,5
DA:18,8
DA:19,1
DA:22,7
DA:25,2
DA:31,1
LF:11
LH:11
BRDA:14,0,0,5
BRDA:14,0,1,8
BRDA:18,1,0,1
BRDA:18,1,1,7
BRF:4
BRH:4
end_of_record
TN:
SF:src\reducers\cartReducer.js
FN:3,(anonymous_0)
FN:17,(anonymous_1)
FN:22,(anonymous_2)
FNF:3
FNH:3
FNDA:52,(anonymous_0)
FNDA:2,(anonymous_1)
FNDA:2,(anonymous_2)
DA:1,2
DA:9,52
DA:11,8
DA:14,1
DA:17,2
DA:18,1
DA:22,2
DA:23,1
DA:27,41
LF:9
LH:9
BRDA:3,0,0,8
BRDA:9,1,0,8
BRDA:9,1,1,1
BRDA:9,1,2,1
BRDA:9,1,3,1
BRDA:9,1,4,41
BRF:6
BRH:6
end_of_record
TN:
SF:src\reducers\errorReducer.js
FN:3,(anonymous_0)
FN:25,(anonymous_1)
FNF:2
FNH:1
FNDA:47,(anonymous_0)
FNDA:0,(anonymous_1)
DA:1,1
DA:4,47
DA:7,47
DA:9,26
DA:10,26
DA:12,16
DA:24,10
DA:25,0
LF:8
LH:7
BRDA:3,0,0,7
BRDA:7,1,0,21
BRDA:7,1,1,26
BRDA:10,2,0,16
BRDA:10,2,1,10
BRDA:25,3,0,0
BRDA:25,3,1,0
BRF:7
BRH:5
end_of_record
TN:
SF:src\reducers\index.js
FNF:0
FNH:0
LF:0
LH:0
BRF:0
BRH:0
end_of_record
TN:
SF:src\reducers\loadingReducer.js
FN:3,(anonymous_0)
FN:30,(anonymous_1)
FNF:2
FNH:2
FNDA:50,(anonymous_0)
FNDA:16,(anonymous_1)
DA:1,2
DA:4,50
DA:11,50
DA:13,42
DA:17,42
DA:19,11
DA:29,31
DA:30,16
LF:8
LH:8
BRDA:3,0,0,8
BRDA:11,1,0,8
BRDA:11,1,1,42
BRDA:17,2,0,11
BRDA:17,2,1,31
BRDA:30,3,0,16
BRDA:30,3,1,11
BRF:7
BRH:7
end_of_record
TN:
SF:src\reducers\productsReducer.js
FN:3,(anonymous_0)
FNF:1
FNH:1
FNDA:47,(anonymous_0)
DA:1,1
DA:4,47
DA:6,7
DA:9,40
LF:4
LH:4
BRDA:3,0,0,7
BRDA:4,1,0,7
BRDA:4,1,1,40
BRF:3
BRH:3
end_of_record
TN:
SF:src\reducers\userReducer.js
FN:6,(anonymous_0)
FNF:1
FNH:1
FNDA:52,(anonymous_0)
DA:1,2
DA:7,52
DA:10,1
DA:11,0
DA:15,2
DA:16,0
DA:17,0
DA:19,0
DA:23,1
DA:24,0
DA:27,48
LF:11
LH:6
BRDA:6,0,0,11
BRDA:7,1,0,1
BRDA:7,1,1,1
BRDA:7,1,2,2
BRDA:7,1,3,1
BRDA:7,1,4,48
BRDA:16,2,0,0
BRDA:16,2,1,0
BRF:8
BRH:6
end_of_record
TN:
SF:src\sagas\authSaga.js
FN:29,register
FN:51,loginRequest
FN:55,registerRequest
FN:59,authSaga
FNF:4
FNH:3
FNDA:0,register
FNDA:5,loginRequest
FNDA:5,registerRequest
FNDA:5,authSaga
DA:30,0
DA:31,0
DA:37,0
DA:43,0
DA:52,5
DA:56,5
DA:60,5
LF:7
LH:3
BRF:0
BRH:0
end_of_record
TN:
SF:src\sagas\cartSaga.js
FN:52,loadCartRequest
FN:56,addCartRequest
FN:60,updateCartRequest
FN:64,deleteCartRequest
FN:68,cartSaga
FNF:5
FNH:5
FNDA:5,loadCartRequest
FNDA:5,addCartRequest
FNDA:5,updateCartRequest
FNDA:5,deleteCartRequest
FNDA:5,cartSaga
DA:53,5
DA:57,5
DA:61,5
DA:65,5
DA:69,5
LF:5
LH:5
BRF:0
BRH:0
end_of_record
TN:
SF:src\sagas\productsSaga.js
FN:16,loadProductsRequest
FN:20,productsSaga
FNF:2
FNH:2
FNDA:5,loadProductsRequest
FNDA:5,productsSaga
DA:17,5
DA:21,5
LF:2
LH:2
BRF:0
BRH:0
end_of_record
TN:
SF:src\sagas\rootSaga.js
FN:12,rootSaga
FNF:1
FNH:1
FNDA:5,rootSaga
DA:13,5
LF:1
LH:1
BRF:0
BRH:0
end_of_record
TN:
SF:src\utils\apiGenerator.js
FN:4,apiGenerator
FN:23,(anonymous_1)
FNF:2
FNH:2
FNDA:30,apiGenerator
FNDA:32,(anonymous_1)
DA:5,30
DA:6,30
DA:9,30
DA:10,30
DA:11,14
DA:17,16
DA:24,32
DA:25,16
DA:27,16
LF:9
LH:9
BRDA:13,0,0,0
BRDA:13,0,1,14
BRDA:24,1,0,16
BRDA:24,1,1,16
BRF:4
BRH:3
end_of_record
TN:
SF:src\utils\axiosInstance.js
FN:10,(anonymous_0)
FN:19,(anonymous_1)
FN:23,(anonymous_2)
FN:24,(anonymous_3)
FNF:4
FNH:3
FNDA:46,(anonymous_0)
FNDA:0,(anonymous_1)
FNDA:14,(anonymous_2)
FNDA:32,(anonymous_3)
DA:3,1
DA:9,1
DA:11,46
DA:12,46
DA:13,46
DA:14,0
DA:15,0
DA:17,46
DA:19,0
DA:22,1
DA:23,14
DA:25,32
DA:26,0
DA:28,32
LF:14
LH:10
BRDA:13,0,0,0
BRDA:13,0,1,46
BRDA:25,1,0,0
BRDA:25,1,1,32
BRF:4
BRH:2
end_of_record
TN:
SF:src\utils\configureStore.js
FN:29,(anonymous_0)
FNF:1
FNH:1
FNDA:5,(anonymous_0)
DA:19,1
DA:22,1
DA:29,1
DA:30,5
DA:31,5
DA:36,5
DA:38,5
LF:7
LH:7
BRDA:19,0,0,1
BRDA:19,0,1,1
BRF:2
BRH:2
end_of_record
TN:
SF:src\utils\index.js
FN:1,(anonymous_0)
FNF:1
FNH:1
FNDA:16,(anonymous_0)
DA:1,2
DA:2,16
DA:7,2
LF:3
LH:3
BRF:0
BRH:0
end_of_record
TN:
SF:src\utils\localStorageMock.js
FN:1,(anonymous_0)
FN:5,(anonymous_1)
FN:9,(anonymous_2)
FN:13,(anonymous_3)
FN:17,(anonymous_4)
FN:21,(anonymous_5)
FNF:6
FNH:0
FNDA:0,(anonymous_0)
FNDA:0,(anonymous_1)
FNDA:0,(anonymous_2)
FNDA:0,(anonymous_3)
FNDA:0,(anonymous_4)
FNDA:0,(anonymous_5)
DA:1,1
DA:2,0
DA:4,0
DA:6,0
DA:10,0
DA:14,0
DA:18,0
DA:22,0
DA:27,1
LF:9
LH:2
BRF:0
BRH:0
end_of_record
TN:
SF:src\utils\test-utils.jsx
FN:9,renderWithProviders
FN:12,Wrapper
FNF:2
FNH:2
FNDA:5,renderWithProviders
FNDA:5,Wrapper
DA:10,5
DA:13,5
DA:16,5
DA:21,5
LF:4
LH:4
BRF:0
BRH:0
end_of_record
